#
# There is insufficient memory for the Java Runtime Environment to continue.
# Native memory allocation (mmap) failed to map 268435456 bytes for Failed to commit area from 0x0000000700e00000 to 0x0000000710e00000 of length 268435456.
# Possible reasons:
#   The system is out of physical RAM or swap space
#   The process is running with CompressedOops enabled, and the Java Heap may be blocking the growth of the native heap
# Possible solutions:
#   Reduce memory load on the system
#   Increase physical memory or swap space
#   Check if swap backing store is full
#   Decrease Java heap size (-Xmx/-Xms)
#   Decrease number of Java threads
#   Decrease Java thread stack sizes (-Xss)
#   Set larger code cache with -XX:ReservedCodeCacheSize=
# This output file may be truncated or incomplete.
#
#  Out of Memory Error (./open/src/hotspot/os/windows/os_windows.cpp:3273), pid=11980, tid=20268
#
# JRE version:  (11.0.10+8) (build )
# Java VM: Java HotSpot(TM) 64-Bit Server VM (11.0.10+8-LTS-162, mixed mode, sharing, tiered, compressed oops, g1 gc, windows-amd64)
# No core dump will be written. Minidumps are not enabled by default on client versions of Windows
#

---------------  S U M M A R Y ------------

Command Line: -javaagent:C:\Program Files\JetBrains\IntelliJ IDEA Community Edition 2021.1\lib\idea_rt.jar=64674:C:\Program Files\JetBrains\IntelliJ IDEA Community Edition 2021.1\bin -Dfile.encoding=UTF-8 SaludoNttData

Host: Intel(R) Core(TM) i7-6700HQ CPU @ 2.60GHz, 8 cores, 15G,  Windows 10 , 64 bit Build 19041 (10.0.19041.1706)
Time: Wed May 25 14:14:53 2022 Hora est. Pacífico, Sudamérica elapsed time: 0.020280 seconds (0d 0h 0m 0s)

---------------  T H R E A D  ---------------

Current thread (0x00000246c898e800):  JavaThread "Unknown thread" [_thread_in_vm, id=20268, stack(0x0000009ddf400000,0x0000009ddf500000)]

Stack: [0x0000009ddf400000,0x0000009ddf500000]
Native frames: (J=compiled Java code, j=interpreted, Vv=VM code, C=native code)
V  [jvm.dll+0x613e6a]
V  [jvm.dll+0x74c1ff]
V  [jvm.dll+0x74d885]
V  [jvm.dll+0x74df03]
V  [jvm.dll+0x243b78]
V  [jvm.dll+0x61125a]
V  [jvm.dll+0x606165]
V  [jvm.dll+0x2f85fc]
V  [jvm.dll+0x2f8482]
V  [jvm.dll+0x2fd136]
V  [jvm.dll+0x33f6bf]
V  [jvm.dll+0x33f0f0]
V  [jvm.dll+0x2d5d08]
V  [jvm.dll+0x2d6e66]
V  [jvm.dll+0x727d17]
V  [jvm.dll+0x7295bf]
V  [jvm.dll+0x34c4a9]
V  [jvm.dll+0x70d6b0]
V  [jvm.dll+0x3b584f]
V  [jvm.dll+0x3b7951]
C  [jli.dll+0x520b]
C  [ucrtbase.dll+0x21bb2]
C  [KERNEL32.DLL+0x17034]
C  [ntdll.dll+0x52651]


---------------  P R O C E S S  ---------------

Threads class SMR info:
_java_thread_list=0x00000246c6746630, length=0, elements={
}

Java Threads: ( => current thread )

Other Threads:
  0x00000246c89a2800 GCTaskThread "GC Thread#0" [stack: 0x0000009ddf500000,0x0000009ddf600000] [id=10316]
  0x00000246c89f9000 ConcurrentGCThread "G1 Main Marker" [stack: 0x0000009ddf600000,0x0000009ddf700000] [id=23588]
  0x00000246c89fc800 ConcurrentGCThread "G1 Conc#0" [stack: 0x0000009ddf700000,0x0000009ddf800000] [id=30196]

[error occurred during error reporting (printing all threads), id 0xc0000005, EXCEPTION_ACCESS_VIOLATION (0xc0000005) at pc=0x00007ffa57754f57]

VM state:not at safepoint (not fully initialized)

VM Mutex/Monitor currently owned by a thread:  ([mutex/lock_event])
[0x00000246c8989f30] Heap_lock - owner thread: 0x00000246c898e800

Heap address: 0x0000000700e00000, size: 4082 MB, Compressed Oops mode: Non-zero based: 0x0000000700e00000
Narrow klass base: 0x0000000000000000, Narrow klass shift: 0

GC Heap History (0 events):
No events

Deoptimization events (0 events):
No events

Classes redefined (0 events):
No events

Internal exceptions (0 events):
No events

Events (0 events):
No events


Dynamic libraries:
0x00007ff632400000 - 0x00007ff63240f000 	C:\Program Files\Java\jdk-11.0.10\bin\java.exe
0x00007fface9d0000 - 0x00007ffacebc5000 	C:\WINDOWS\SYSTEM32\ntdll.dll
0x00007ffacde60000 - 0x00007ffacdf1d000 	C:\WINDOWS\System32\KERNEL32.DLL
0x00007ffacc0e0000 - 0x00007ffacc3ad000 	C:\WINDOWS\System32\KERNELBASE.dll
0x00007ffacc7c0000 - 0x00007ffacc8c0000 	C:\WINDOWS\System32\ucrtbase.dll
0x00007ffaa8e70000 - 0x00007ffaa8e88000 	C:\Program Files\Java\jdk-11.0.10\bin\jli.dll
0x00007ffaa4260000 - 0x00007ffaa4275000 	C:\Program Files\Java\jdk-11.0.10\bin\VCRUNTIME140.dll
0x00007ffaccb50000 - 0x00007ffaccbfe000 	C:\WINDOWS\System32\ADVAPI32.dll
0x00007fface410000 - 0x00007fface4ae000 	C:\WINDOWS\System32\msvcrt.dll
0x00007ffacdd60000 - 0x00007ffacddfc000 	C:\WINDOWS\System32\sechost.dll
0x00007ffacca20000 - 0x00007ffaccb45000 	C:\WINDOWS\System32\RPCRT4.dll
0x00007ffacd4c0000 - 0x00007ffacd660000 	C:\WINDOWS\System32\USER32.dll
0x00007ffab0df0000 - 0x00007ffab108a000 	C:\WINDOWS\WinSxS\amd64_microsoft.windows.common-controls_6595b64144ccf1df_6.0.19041.1110_none_60b5254171f9507e\COMCTL32.dll
0x00007ffacc540000 - 0x00007ffacc562000 	C:\WINDOWS\System32\win32u.dll
0x00007ffacdf90000 - 0x00007ffacdfba000 	C:\WINDOWS\System32\GDI32.dll
0x00007ffacc430000 - 0x00007ffacc53b000 	C:\WINDOWS\System32\gdi32full.dll
0x00007ffacc600000 - 0x00007ffacc69d000 	C:\WINDOWS\System32\msvcp_win.dll
0x00007ffac17a0000 - 0x00007ffac17aa000 	C:\WINDOWS\SYSTEM32\VERSION.dll
0x00007ffacd3e0000 - 0x00007ffacd410000 	C:\WINDOWS\System32\IMM32.DLL
0x00007ffaa1920000 - 0x00007ffaa19bb000 	C:\Program Files\Java\jdk-11.0.10\bin\msvcp140.dll
0x00007ffa57470000 - 0x00007ffa57f6b000 	C:\Program Files\Java\jdk-11.0.10\bin\server\jvm.dll
0x00007ffacd910000 - 0x00007ffacd918000 	C:\WINDOWS\System32\PSAPI.DLL
0x00007ffaca0b0000 - 0x00007ffaca0b9000 	C:\WINDOWS\SYSTEM32\WSOCK32.dll
0x00007ffacdf20000 - 0x00007ffacdf8b000 	C:\WINDOWS\System32\WS2_32.dll
0x00007ffac1480000 - 0x00007ffac14a7000 	C:\WINDOWS\SYSTEM32\WINMM.dll
0x00007ffaca9c0000 - 0x00007ffaca9d2000 	C:\WINDOWS\SYSTEM32\kernel.appcore.dll
0x00007ffaa8ea0000 - 0x00007ffaa8eb0000 	C:\Program Files\Java\jdk-11.0.10\bin\verify.dll
0x00007ffac9d50000 - 0x00007ffac9f34000 	C:\WINDOWS\SYSTEM32\DBGHELP.DLL
0x00007ffabf770000 - 0x00007ffabf79c000 	C:\WINDOWS\SYSTEM32\dbgcore.DLL
0x00007ffacc570000 - 0x00007ffacc5f2000 	C:\WINDOWS\System32\bcryptPrimitives.dll
0x00007ffaa2850000 - 0x00007ffaa2878000 	C:\Program Files\Java\jdk-11.0.10\bin\java.dll
0x00007ffaa7820000 - 0x00007ffaa782a000 	C:\Program Files\Java\jdk-11.0.10\bin\jimage.dll
0x00007ffaa6120000 - 0x00007ffaa612e000 	C:\Program Files\Java\jdk-11.0.10\bin\instrument.dll
0x00007ffaa3670000 - 0x00007ffaa3686000 	C:\Program Files\Java\jdk-11.0.10\bin\zip.dll

dbghelp: loaded successfully - version: 4.0.5 - missing functions: none
symbol engine: initialized successfully - sym options: 0x614 - pdb path: .;C:\Program Files\Java\jdk-11.0.10\bin;C:\WINDOWS\SYSTEM32;C:\WINDOWS\WinSxS\amd64_microsoft.windows.common-controls_6595b64144ccf1df_6.0.19041.1110_none_60b5254171f9507e;C:\Program Files\Java\jdk-11.0.10\bin\server

VM Arguments:
jvm_args: -javaagent:C:\Program Files\JetBrains\IntelliJ IDEA Community Edition 2021.1\lib\idea_rt.jar=64674:C:\Program Files\JetBrains\IntelliJ IDEA Community Edition 2021.1\bin -Dfile.encoding=UTF-8 
java_command: SaludoNttData
java_class_path (initial): D:\WorkSpaces_IntelliJIDEA\NTTData\target\classes
Launcher Type: SUN_STANDARD

[Global flags]
     intx CICompilerCount                          = 4                                         {product} {ergonomic}
     uint ConcGCThreads                            = 2                                         {product} {ergonomic}
     uint G1ConcRefinementThreads                  = 8                                         {product} {ergonomic}
   size_t G1HeapRegionSize                         = 1048576                                   {product} {ergonomic}
    uintx GCDrainStackTargetSize                   = 64                                        {product} {ergonomic}
   size_t InitialHeapSize                          = 268435456                                 {product} {ergonomic}
   size_t MarkStackSize                            = 4194304                                   {product} {ergonomic}
   size_t MaxHeapSize                              = 4280287232                                {product} {ergonomic}
   size_t MinHeapDeltaBytes                        = 1048576                                   {product} {ergonomic}
    uintx NonNMethodCodeHeapSize                   = 5836300                                {pd product} {ergonomic}
    uintx NonProfiledCodeHeapSize                  = 122910970                              {pd product} {ergonomic}
    uintx ProfiledCodeHeapSize                     = 122910970                              {pd product} {ergonomic}
    uintx ReservedCodeCacheSize                    = 251658240                              {pd product} {ergonomic}
     bool SegmentedCodeCache                       = true                                      {product} {ergonomic}
     bool UseCompressedClassPointers               = true                                 {lp64_product} {ergonomic}
     bool UseCompressedOops                        = true                                 {lp64_product} {ergonomic}
     bool UseG1GC                                  = true                                      {product} {ergonomic}
     bool UseLargePagesIndividualAllocation        = false                                  {pd product} {ergonomic}

Logging:
Log output configuration:
 #0: stdout all=warning uptime,level,tags
 #1: stderr all=off uptime,level,tags

Environment Variables:
JAVA_HOME=C:\Program Files\Java\jdk1.8.0_111
PATH=C:\Program Files (x86)\Microsoft SDKs\Azure\CLI2\wbin;C:\Program Files\Common Files\Oracle\Java\javapath;C:\Program Files (x86)\Common Files\Intel\Shared Libraries\redist\intel64\compiler;C:\Program Files (x86)\Common Files\Intel\Shared Files\cpp\bin\Intel64;C:\ProgramData\Oracle\Java\javapath;C:\Program Files (x86)\Intel\iCLS Client\;C:\Program Files\Intel\iCLS Client\;C:\Windows\system32;C:\Windows;C:\Windows\System32\Wbem;C:\Windows\System32\WindowsPowerShell\v1.0\;C:\Program Files (x86)\NVIDIA Corporation\PhysX\Common;C:\Program Files (x86)\Intel\Intel(R) Management Engine Components\DAL;C:\Program Files\Intel\Intel(R) Management Engine Components\DAL;C:\Program Files (x86)\Intel\Intel(R) Management Engine Components\IPT;C:\Program Files\Intel\Intel(R) Management Engine Components\IPT;C:\WINDOWS\system32;C:\WINDOWS;C:\WINDOWS\System32\Wbem;C:\WINDOWS\System32\WindowsPowerShell\v1.0\;C:\Program Files\Intel\WiFi\bin\;C:\Program Files\Common Files\Intel\WirelessCommon\;C:\Program Files\Apache_Software\apache-maven-3.6.3\bin;C:\WINDOWS\System32\OpenSSH\;C:\WINDOWS\SysWOW64;C:\Program Files\Microsoft VS Code\bin;C:\Program Files\Java\jdk1.8.0_111\bin;C:\Program Files (x86)\Microsoft SQL Server\110\DTS\Binn\;C:\Program Files (x86)\Microsoft SQL Server\120\DTS\Binn\;C:\Program Files (x86)\Microsoft SQL Server\130\DTS\Binn\;C:\Program Files (x86)\Microsoft SQL Server\140\DTS\Binn\;C:\Program Files (x86)\Microsoft SQL Server\150\DTS\Binn\;C:\Program Files\NVIDIA Corporation\NVIDIA NvDLISR;C:\Program Files\Git\cmd;C:\WINDOWS\system32;C:\WINDOWS;C:\WINDOWS\System32\Wbem;C:\WINDOWS\System32\WindowsPowerShell\v1.0\;C:\WINDOWS\System32\OpenSSH\;C:\Program Files\dotnet\;C:\Program Files (x86)\dotnet\;C:\Users\Joshua\AppData\Local\Programs\Python\Python39;C:\Users\Joshua\AppData\Local\Programs\Python\Python39\Scripts;C:\Program Files\nodejs\;C:\Program Files\CodeBlocks\MinGW\bin;C:\Users\Joshua\AppData\Local\gitkraken\bin;C:\Users\Joshua\AppData\Roaming\npm
USERNAME=Joshua
OS=Windows_NT
PROCESSOR_IDENTIFIER=Intel64 Family 6 Model 94 Stepping 3, GenuineIntel



---------------  S Y S T E M  ---------------

OS: Windows 10 , 64 bit Build 19041 (10.0.19041.1706)

CPU:total 8 (initial active 8) (4 cores per cpu, 2 threads per core) family 6 model 94 stepping 3 microcode 0xcc, cmov, cx8, fxsr, mmx, sse, sse2, sse3, ssse3, sse4.1, sse4.2, popcnt, avx, avx2, aes, clmul, erms, rtm, 3dnowpref, lzcnt, ht, tsc, tscinvbit, bmi1, bmi2, adx, fma

Memory: 4k page, system-wide physical 16322M (1303M free)
TotalPageFile size 23464M (AvailPageFile size 204M)
current process WorkingSet (physical memory assigned to process): 10M, peak: 10M
current process commit charge ("private bytes"): 60M, peak: 316M

vm_info: Java HotSpot(TM) 64-Bit Server VM (11.0.10+8-LTS-162) for windows-amd64 JRE (11.0.10+8-LTS-162), built on Dec  8 2020 16:32:57 by "mach5one" with MS VC++ 15.9 (VS2017)

END.
